<?xml version="1.0" encoding="UTF-8"?>
<!-- Generated by org.testng.reporters.JUnitReportReporter -->
<testsuite hostname="DESKTOP-8QS3DV1" failures="0" tests="2" name="Runners._04_TestRunnerSmoke" time="31.950" errors="0" timestamp="5 Oct 2022 11:36:48 GMT">
  <testcase classname="Runners._04_TestRunnerSmoke" name="runScenario" time="16.645"/>
  <testcase classname="Runners._04_TestRunnerSmoke" name="runScenario" time="15.305"/>
</testsuite> <!-- Runners._04_TestRunnerSmoke -->
